[11:08:09] [Client thread/INFO]: Setting user: Player244
[11:08:14] [Client thread/INFO]: LWJGL Version: 2.9.1
[11:08:21] [Client thread/INFO]: Reloading ResourceManager: Default, FMLFileResourcePack:Forge Mod Loader, FMLFileResourcePack:Minecraft Forge, FMLFileResourcePack:N's Mod
[11:08:22] [Client thread/ERROR]: Couldn't initialize twitch stream
[11:08:22] [Sound Library Loader/INFO]: Starting up SoundSystem...
[11:08:22] [Thread-7/INFO]: Initializing LWJGL OpenAL
[11:08:22] [Thread-7/INFO]: (The LWJGL binding of OpenAL.  For more information, see http://www.lwjgl.org)
[11:08:22] [Thread-7/INFO]: OpenAL initialized.
[11:08:23] [Sound Library Loader/INFO]: Sound engine started
[11:08:33] [Client thread/WARN]: Texture nmod:textures/items/SpellPaperEscapeO.png with size 120x120 limits mip level from 4 to 3
[11:08:34] [Client thread/INFO]: Created: 1024x512 textures-atlas
[11:08:35] [Client thread/INFO]: Reloading ResourceManager: Default, FMLFileResourcePack:Forge Mod Loader, FMLFileResourcePack:Minecraft Forge, FMLFileResourcePack:N's Mod
[11:08:35] [Client thread/INFO]: SoundSystem shutting down...
[11:08:36] [Client thread/WARN]: Author: Paul Lamb, www.paulscode.com
[11:08:36] [Sound Library Loader/INFO]: Starting up SoundSystem...
[11:08:36] [Thread-9/INFO]: Initializing LWJGL OpenAL
[11:08:36] [Thread-9/INFO]: (The LWJGL binding of OpenAL.  For more information, see http://www.lwjgl.org)
[11:08:36] [Thread-9/INFO]: OpenAL initialized.
[11:08:36] [Sound Library Loader/INFO]: Sound engine started
[11:08:44] [Client thread/INFO]: Created: 1024x512 textures-atlas
