[20:21:11] [Server thread/INFO]: Starting minecraft server version 1.8
[20:21:21] [Server thread/INFO]: Loading properties
[20:21:21] [Server thread/INFO]: Default game type: SURVIVAL
[20:21:21] [Server thread/INFO]: Generating keypair
[20:21:22] [Server thread/INFO]: Starting Minecraft server on *:25565
[20:21:24] [Server thread/WARN]: Failed to load user banlist: 
java.io.FileNotFoundException: banned-players.json (The system cannot find the file specified)
	at java.io.FileInputStream.open(Native Method) ~[?:1.8.0_25]
	at java.io.FileInputStream.<init>(Unknown Source) ~[?:1.8.0_25]
	at com.google.common.io.Files.newReader(Files.java:86) ~[guava-17.0.jar:?]
	at net.minecraft.server.management.UserList.readSavedFile(UserList.java:205) ~[UserList.class:?]
	at net.minecraft.server.dedicated.DedicatedPlayerList.loadUserBansList(DedicatedPlayerList.java:124) [DedicatedPlayerList.class:?]
	at net.minecraft.server.dedicated.DedicatedPlayerList.<init>(DedicatedPlayerList.java:31) [DedicatedPlayerList.class:?]
	at net.minecraft.server.dedicated.DedicatedServer.startServer(DedicatedServer.java:214) [DedicatedServer.class:?]
	at net.minecraft.server.MinecraftServer.run(MinecraftServer.java:500) [MinecraftServer.class:?]
	at java.lang.Thread.run(Unknown Source) [?:1.8.0_25]
[20:21:24] [Server thread/WARN]: Failed to load ip banlist: 
java.io.FileNotFoundException: banned-ips.json (The system cannot find the file specified)
	at java.io.FileInputStream.open(Native Method) ~[?:1.8.0_25]
	at java.io.FileInputStream.<init>(Unknown Source) ~[?:1.8.0_25]
	at com.google.common.io.Files.newReader(Files.java:86) ~[guava-17.0.jar:?]
	at net.minecraft.server.management.UserList.readSavedFile(UserList.java:205) ~[UserList.class:?]
	at net.minecraft.server.dedicated.DedicatedPlayerList.loadIpBanList(DedicatedPlayerList.java:112) [DedicatedPlayerList.class:?]
	at net.minecraft.server.dedicated.DedicatedPlayerList.<init>(DedicatedPlayerList.java:33) [DedicatedPlayerList.class:?]
	at net.minecraft.server.dedicated.DedicatedServer.startServer(DedicatedServer.java:214) [DedicatedServer.class:?]
	at net.minecraft.server.MinecraftServer.run(MinecraftServer.java:500) [MinecraftServer.class:?]
	at java.lang.Thread.run(Unknown Source) [?:1.8.0_25]
[20:21:24] [Server thread/WARN]: Failed to load operators list: 
java.io.FileNotFoundException: ops.json (The system cannot find the file specified)
	at java.io.FileInputStream.open(Native Method) ~[?:1.8.0_25]
	at java.io.FileInputStream.<init>(Unknown Source) ~[?:1.8.0_25]
	at com.google.common.io.Files.newReader(Files.java:86) ~[guava-17.0.jar:?]
	at net.minecraft.server.management.UserList.readSavedFile(UserList.java:205) ~[UserList.class:?]
	at net.minecraft.server.dedicated.DedicatedPlayerList.loadOpsList(DedicatedPlayerList.java:136) [DedicatedPlayerList.class:?]
	at net.minecraft.server.dedicated.DedicatedPlayerList.<init>(DedicatedPlayerList.java:35) [DedicatedPlayerList.class:?]
	at net.minecraft.server.dedicated.DedicatedServer.startServer(DedicatedServer.java:214) [DedicatedServer.class:?]
	at net.minecraft.server.MinecraftServer.run(MinecraftServer.java:500) [MinecraftServer.class:?]
	at java.lang.Thread.run(Unknown Source) [?:1.8.0_25]
[20:21:24] [Server thread/WARN]: Failed to load white-list: 
java.io.FileNotFoundException: whitelist.json (The system cannot find the file specified)
	at java.io.FileInputStream.open(Native Method) ~[?:1.8.0_25]
	at java.io.FileInputStream.<init>(Unknown Source) ~[?:1.8.0_25]
	at com.google.common.io.Files.newReader(Files.java:86) ~[guava-17.0.jar:?]
	at net.minecraft.server.management.UserList.readSavedFile(UserList.java:205) ~[UserList.class:?]
	at net.minecraft.server.dedicated.DedicatedPlayerList.readWhiteList(DedicatedPlayerList.java:160) [DedicatedPlayerList.class:?]
	at net.minecraft.server.dedicated.DedicatedPlayerList.<init>(DedicatedPlayerList.java:36) [DedicatedPlayerList.class:?]
	at net.minecraft.server.dedicated.DedicatedServer.startServer(DedicatedServer.java:214) [DedicatedServer.class:?]
	at net.minecraft.server.MinecraftServer.run(MinecraftServer.java:500) [MinecraftServer.class:?]
	at java.lang.Thread.run(Unknown Source) [?:1.8.0_25]
[20:21:24] [Server thread/INFO]: Preparing level "world"
[20:21:26] [Server thread/INFO]: Preparing start region for level 0
[20:21:27] [Server thread/INFO]: Preparing spawn area: 0%
[20:21:28] [Server thread/INFO]: Preparing spawn area: 4%
[20:21:29] [Server thread/INFO]: Preparing spawn area: 5%
[20:21:30] [Server thread/INFO]: Preparing spawn area: 7%
[20:21:31] [Server thread/INFO]: Preparing spawn area: 7%
[20:21:32] [Server thread/INFO]: Preparing spawn area: 9%
[20:21:33] [Server thread/INFO]: Preparing spawn area: 11%
[20:21:34] [Server thread/INFO]: Preparing spawn area: 12%
[20:21:36] [Server thread/INFO]: Preparing spawn area: 14%
[20:21:37] [Server thread/INFO]: Preparing spawn area: 15%
[20:21:38] [Server thread/INFO]: Preparing spawn area: 17%
[20:21:39] [Server thread/INFO]: Preparing spawn area: 18%
[20:21:40] [Server thread/INFO]: Preparing spawn area: 20%
[20:21:41] [Server thread/INFO]: Preparing spawn area: 21%
[20:21:42] [Server thread/INFO]: Preparing spawn area: 22%
[20:21:43] [Server thread/INFO]: Preparing spawn area: 24%
[20:21:44] [Server thread/INFO]: Preparing spawn area: 25%
[20:21:45] [Server thread/INFO]: Preparing spawn area: 26%
[20:21:46] [Server thread/INFO]: Preparing spawn area: 28%
[20:21:48] [Server thread/INFO]: Preparing spawn area: 29%
[20:21:49] [Server thread/INFO]: Preparing spawn area: 30%
[20:21:50] [Server thread/INFO]: Preparing spawn area: 31%
[20:21:51] [Server thread/INFO]: Preparing spawn area: 32%
[20:21:52] [Server thread/INFO]: Preparing spawn area: 33%
[20:21:53] [Server thread/INFO]: Preparing spawn area: 35%
[20:21:54] [Server thread/INFO]: Preparing spawn area: 36%
[20:21:55] [Server thread/INFO]: Preparing spawn area: 37%
[20:21:56] [Server thread/INFO]: Preparing spawn area: 38%
[20:21:58] [Server thread/INFO]: Preparing spawn area: 39%
[20:21:59] [Server thread/INFO]: Preparing spawn area: 41%
[20:22:00] [Server thread/INFO]: Preparing spawn area: 42%
[20:22:01] [Server thread/INFO]: Preparing spawn area: 43%
[20:22:02] [Server thread/INFO]: Preparing spawn area: 44%
[20:22:03] [Server thread/INFO]: Preparing spawn area: 46%
[20:22:04] [Server thread/INFO]: Preparing spawn area: 47%
[20:22:05] [Server thread/INFO]: Preparing spawn area: 48%
[20:22:06] [Server thread/INFO]: Preparing spawn area: 50%
[20:22:07] [Server thread/INFO]: Preparing spawn area: 51%
[20:22:09] [Server thread/INFO]: Preparing spawn area: 52%
[20:22:10] [Server thread/INFO]: Preparing spawn area: 53%
[20:22:11] [Server thread/INFO]: Preparing spawn area: 54%
[20:22:12] [Server thread/INFO]: Preparing spawn area: 55%
[20:22:14] [Server thread/INFO]: Preparing spawn area: 56%
[20:22:15] [Server thread/INFO]: Preparing spawn area: 57%
[20:22:17] [Server thread/INFO]: Preparing spawn area: 58%
[20:22:18] [Server thread/INFO]: Preparing spawn area: 58%
[20:22:19] [Server thread/INFO]: Preparing spawn area: 59%
[20:22:20] [Server thread/INFO]: Preparing spawn area: 59%
[20:22:21] [Server thread/INFO]: Preparing spawn area: 60%
[20:22:23] [Server thread/INFO]: Preparing spawn area: 61%
[20:22:24] [Server thread/INFO]: Preparing spawn area: 62%
[20:22:25] [Server thread/INFO]: Preparing spawn area: 63%
[20:22:26] [Server thread/INFO]: Preparing spawn area: 64%
[20:22:27] [Server thread/INFO]: Preparing spawn area: 65%
[20:22:28] [Server thread/INFO]: Preparing spawn area: 66%
[20:22:29] [Server thread/INFO]: Preparing spawn area: 67%
[20:22:31] [Server thread/INFO]: Preparing spawn area: 67%
[20:22:32] [Server thread/INFO]: Preparing spawn area: 68%
[20:22:34] [Server thread/INFO]: Preparing spawn area: 69%
[20:22:35] [Server thread/INFO]: Preparing spawn area: 70%
[20:22:36] [Server thread/INFO]: Preparing spawn area: 71%
[20:22:37] [Server thread/INFO]: Preparing spawn area: 71%
[20:22:38] [Server thread/INFO]: Preparing spawn area: 72%
[20:22:39] [Server thread/INFO]: Preparing spawn area: 73%
[20:22:40] [Server thread/INFO]: Preparing spawn area: 74%
[20:22:41] [Server thread/INFO]: Preparing spawn area: 75%
[20:22:42] [Server thread/INFO]: Preparing spawn area: 76%
[20:22:44] [Server thread/INFO]: Preparing spawn area: 77%
[20:22:45] [Server thread/INFO]: Preparing spawn area: 77%
[20:22:46] [Server thread/INFO]: Preparing spawn area: 78%
[20:22:47] [Server thread/INFO]: Preparing spawn area: 79%
[20:22:48] [Server thread/INFO]: Preparing spawn area: 81%
[20:22:49] [Server thread/INFO]: Preparing spawn area: 81%
[20:22:51] [Server thread/INFO]: Preparing spawn area: 82%
[20:22:52] [Server thread/INFO]: Preparing spawn area: 83%
[20:22:53] [Server thread/INFO]: Preparing spawn area: 84%
[20:22:54] [Server thread/INFO]: Preparing spawn area: 85%
[20:22:55] [Server thread/INFO]: Preparing spawn area: 86%
[20:22:56] [Server thread/INFO]: Preparing spawn area: 88%
[20:22:58] [Server thread/INFO]: Preparing spawn area: 89%
[20:22:59] [Server thread/INFO]: Preparing spawn area: 91%
[20:23:00] [Server thread/INFO]: Preparing spawn area: 91%
[20:23:01] [Server thread/INFO]: Preparing spawn area: 92%
[20:23:03] [Server thread/INFO]: Preparing spawn area: 93%
[20:23:04] [Server thread/INFO]: Preparing spawn area: 95%
[20:23:05] [Server thread/INFO]: Preparing spawn area: 96%
[20:23:06] [Server thread/INFO]: Preparing spawn area: 96%
[20:23:08] [Server thread/INFO]: Preparing spawn area: 98%
[20:23:09] [Server thread/INFO]: Done (104.878s)! For help, type "help" or "?"
[20:23:09] [Server Watchdog/FATAL]: A single server tick took 118.86 seconds (should be max 0.05)
[20:23:09] [Server Watchdog/FATAL]: Considering it to be crashed, server will forcibly shutdown.
[20:23:11] [Server Watchdog/ERROR]: This crash report has been saved to: C:\Users\Nathan\forge-1.8-11.14.1.1334-src\eclipse\.\crash-reports\crash-2015-04-05_20.23.11-server.txt
[20:23:11] [Server thread/WARN]: Can't keep up! Did the system time change, or is the server overloaded? Running 2191ms behind, skipping 43 tick(s)
[20:23:57] [Server thread/INFO]: --- Showing help page 1 of 9 (/help <page>) ---
[20:23:57] [Server thread/INFO]: /achievement <give|take> <stat_name|*> [player]
[20:23:57] [Server thread/INFO]: /ban <name> [reason ...]
[20:23:57] [Server thread/INFO]: /ban-ip <address|name> [reason ...]
[20:23:57] [Server thread/INFO]: /banlist [ips|players]
[20:23:57] [Server thread/INFO]: /blockdata <x> <y> <z> <dataTag>
[20:23:57] [Server thread/INFO]: /clear [player] [item] [data] [maxCount] [dataTag]
[20:23:57] [Server thread/INFO]: /clone <x1> <y1> <z1> <x2> <y2> <z2> <x> <y> <z> [mode]
[20:25:11] [Server thread/INFO]: com.mojang.authlib.GameProfile@a24055[id=<null>,name=Player765,properties={},legacy=false] (/127.0.0.1:54746) lost connection: Disconnected
[20:25:24] [Server thread/INFO]: Stopping server
[20:25:24] [Server thread/INFO]: Saving players
[20:25:24] [Server thread/INFO]: Saving worlds
[20:25:24] [Server thread/INFO]: Saving chunks for level 'world'/Overworld
[20:25:24] [Server thread/INFO]: Saving chunks for level 'world'/Nether
[20:25:24] [Server thread/INFO]: Saving chunks for level 'world'/The End
e information, see http://www.lwjgl.org)
[20:24:32] [Thread-6/INFO]: OpenAL initialized.
[20:24:32] [Sound Library Loader/INFO]: Sound engine started
[20:24:42] [Client thread/WARN]: Texture nmod:textures/items/SpellPaperEscapeO.png with size 120x120 limits mip level from 4 to 3
[20:24:42] [Client thread/INFO]: Created: 1024x512 textures-atlas
[20:24:44] [Client thread/INFO]: Reloading ResourceManager: Default, FMLFileResourcePack:Forge Mod Loader, FMLFileResourcePack:Minecraft Forge, FMLFileResourcePack:N's Mod
[20:24:44] [Client thread/INFO]: SoundSystem shutting down...
[20:24:45] [Client thread/WARN]: Author: Paul Lamb, www.paulscode.com
[20:24:45] [Sound Library Loader/INFO]: Starting up SoundSystem...
[20:24:45] [Thread-8/INFO]: Initializing LWJGL OpenAL
[20:24:45] [Thread-8/INFO]: (The LWJGL binding of OpenAL.  For more information, see http://www.lwjgl.org)
[20:24:45] [Thread-8/INFO]: OpenAL initialized.
[20:24:45] [Sound Library Loader/INFO]: Sound engine started
[20:24:55] [Client thread/INFO]: Created: 1024x512 textures-atlas
[20:25:07] [Client thread/INFO]: Connecting to localhost, 25565
[20:25:21] [Client thread/INFO]: Stopping!
[20:25:21] [Client thread/INFO]: SoundSystem shutting down...
[20:25:21] [Client thread/WARN]: Author: Paul Lamb, www.paulscode.com
[20:26:16] [Client thread/INFO]: Setting user: Player239
