[11:08:09] [Client thread/INFO]: Setting user: Player244
[11:08:14] [Client thread/INFO]: LWJGL Version: 2.9.1
[11:08:21] [Client thread/INFO]: Reloading ResourceManager: Default, FMLFileResourcePack:Forge Mod Loader, FMLFileResourcePack:Minecraft Forge, FMLFileResourcePack:N's Mod
[11:08:22] [Client thread/ERROR]: Couldn't initialize twitch stream
[11:08:22] [Sound Library Loader/INFO]: Starting up SoundSystem...
[11:08:22] [Thread-7/INFO]: Initializing LWJGL OpenAL
[11:08:22] [Thread-7/INFO]: (The LWJGL binding of OpenAL.  For more information, see http://www.lwjgl.org)
[11:08:22] [Thread-7/INFO]: OpenAL initialized.
[11:08:23] [Sound Library Loader/INFO]: Sound engine started
[11:08:33] [Client thread/WARN]: Texture nmod:textures/items/SpellPaperEscapeO.png with size 120x120 limits mip level from 4 to 3
[11:08:34] [Client thread/INFO]: Created: 1024x512 textures-atlas
[11:08:35] [Client thread/INFO]: Reloading ResourceManager: Default, FMLFileResourcePack:Forge Mod Loader, FMLFileResourcePack:Minecraft Forge, FMLFileResourcePack:N's Mod
[11:08:35] [Client thread/INFO]: SoundSystem shutting down...
[11:08:36] [Client thread/WARN]: Author: Paul Lamb, www.paulscode.com
[11:08:36] [Sound Library Loader/INFO]: Starting up SoundSystem...
[11:08:36] [Thread-9/INFO]: Initializing LWJGL OpenAL
[11:08:36] [Thread-9/INFO]: (The LWJGL binding of OpenAL.  For more information, see http://www.lwjgl.org)
[11:08:36] [Thread-9/INFO]: OpenAL initialized.
[11:08:36] [Sound Library Loader/INFO]: Sound engine started
[11:08:44] [Client thread/INFO]: Created: 1024x512 textures-atlas
[12:13:14] [Client thread/INFO]: Stopping!
[12:13:14] [Client thread/INFO]: SoundSystem shutting down...
[12:13:14] [Client thread/WARN]: Author: Paul Lamb, www.paulscode.com
lt, FMLFileResourcePack:Forge Mod Loader, FMLFileResourcePack:Minecraft Forge, FMLFileResourcePack:N's Mod
[12:04:25] [Client thread/ERROR]: Couldn't initialize twitch stream
[12:04:25] [Sound Library Loader/INFO]: Starting up SoundSystem...
[12:04:25] [Thread-6/INFO]: Initializing LWJGL OpenAL
[12:04:25] [Thread-6/INFO]: (The LWJGL binding of OpenAL.  For more information, see http://www.lwjgl.org)
[12:04:26] [Thread-6/INFO]: OpenAL initialized.
[12:04:26] [Sound Library Loader/INFO]: Sound engine started
[12:04:37] [Client thread/WARN]: Texture nmod:textures/items/SpellPaperEscapeO.png with size 120x120 limits mip level from 4 to 3
[12:04:37] [Client thread/INFO]: Created: 1024x512 textures-atlas
[12:04:40] [Client thread/INFO]: Reloading ResourceManager: Default, FMLFileResourcePack:Forge Mod Loader, FMLFileResourcePack:Minecraft Forge, FMLFileResourcePack:N's Mod
[12:04:40] [Client thread/INFO]: SoundSystem shutting down...
[12:04:40] [Client thread/WARN]: Author: Paul Lamb, www.paulscode.com
[12:04:40] [Sound Library Loader/INFO]: Starting up SoundSystem...
[12:04:40] [Thread-8/INFO]: Initializing LWJGL OpenAL
[12:04:40] [Thread-8/INFO]: (The LWJGL binding of OpenAL.  For more information, see http://www.lwjgl.org)
[12:04:40] [Thread-8/INFO]: OpenAL initialized.
[12:04:41] [Sound Library Loader/INFO]: Sound engine started
[12:04:51] [Client thread/INFO]: Created: 1024x512 textures-atlas
[12:05:27] [Server thread/INFO]: Starting integrated minecraft server version 1.8
[12:05:27] [Server thread/INFO]: Generating keypair
[12:05:28] [Server thread/INFO]: Preparing start region for level 0
[12:05:29] [Server thread/INFO]: Preparing spawn area: 4%
[12:05:30] [Server thread/INFO]: Preparing spawn area: 35%
[12:05:31] [Server thread/INFO]: Preparing spawn area: 67%
[12:05:33] [Server thread/INFO]: Changing view distance to 8, from 10
[12:05:34] [Server thread/INFO]: Player172[local:E:be8a8858] logged in with entity id 286 at (215.2058216875304, 72.0, 242.3936535658288)
[12:05:34] [Server thread/INFO]: Player172 joined the game
[12:05:37] [pool-2-thread-1/WARN]: Couldn't look up profile properties for com.mojang.authlib.GameProfile@609cae[id=31a9aee6-8c2b-389d-b14e-b75d71479611,name=Player172,properties={},legacy=false]
com.mojang.authlib.exceptions.AuthenticationUnavailableException: Cannot contact authentication server
	at com.mojang.authlib.yggdrasil.YggdrasilAuthenticationService.makeRequest(YggdrasilAuthenticationService.java:71) ~[YggdrasilAuthenticationService.class:?]
	at com.mojang.authlib.yggdrasil.YggdrasilMinecraftSessionService.fillGameProfile(YggdrasilMinecraftSessionService.java:158) [YggdrasilMinecraftSessionService.class:?]
	at com.mojang.authlib.yggdrasil.YggdrasilMinecraftSessionService$1.load(YggdrasilMinecraftSessionService.java:53) [YggdrasilMinecraftSessionService$1.class:?]
	at com.mojang.authlib.yggdrasil.YggdrasilMinecraftSessionService$1.load(YggdrasilMinecraftSessionService.java:50) [YggdrasilMinecraftSessionService$1.class:?]
	at com.google.common.cache.LocalCache$LoadingValueReference.loadFuture(LocalCache.java:3524) [guava-17.0.jar:?]
	at com.google.common.cache.LocalCache$Segment.loadSync(LocalCache.java:2317) [guava-17.0.jar:?]
	at com.google.common.cache.LocalCache$Segment.lockedGetOrLoad(LocalCache.java:2280) [guava-17.0.jar:?]
	at com.google.common.cache.LocalCache$Segment.get(LocalCache.java:2195) [guava-17.0.jar:?]
	at com.google.common.cache.LocalCache.get(LocalCache.java:3934) [guava-17.0.jar:?]
	at com.google.common.cache.LocalCache.getOrLoad(LocalCache.java:3938) [guava-17.0.jar:?]
	at com.google.common.cache.LocalCache$LocalLoadingCache.get(LocalCache.java:4821) [guava-17.0.jar:?]
	at com.google.common.cache.LocalCache$LocalLoadingCache.getUnchecked(LocalCache.java:4827) [guava-17.0.jar:?]
	at com.mojang.authlib.yggdrasil.YggdrasilMinecraftSessionService.fillProfileProperties(YggdrasilMinecraftSessionService.java:148) [YggdrasilMinecraftSessionService.class:?]
	at net.minecraft.client.resources.SkinManager$3.run(SkinManager.java:138) [SkinManager$3.class:?]
	at java.util.concurrent.Executors$RunnableAdapter.call(Unknown Source) [?:1.8.0_25]
	at java.util.concurrent.FutureTask.run(Unknown Source) [?:1.8.0_25]
	at java.util.concurrent.ThreadPoolExecutor.runWorker(Unknown Source) [?:1.8.0_25]
	at java.util.concurrent.ThreadPoolExecutor$Worker.run(Unknown Source) [?:1.8.0_25]
	at java.lang.Thread.run(Unknown Source) [?:1.8.0_25]
Caused by: java.net.UnknownHostException: sessionserver.mojang.com
	at java.net.AbstractPlainSocketImpl.connect(Unknown Source) ~[?:1.8.0_25]
	at java.net.PlainSocketImpl.connect(Unknown Source) ~[?:1.8.0_25]
	at java.net.SocksSocketImpl.connect(Unknown Source) ~[?:1.8.0_25]
	at java.net.Socket.connect(Unknown Source) ~[?:1.8.0_25]
	at sun.security.ssl.SSLSocketImpl.connect(Unknown Source) ~[?:1.8.0_25]
	at sun.net.NetworkClient.doConnect(Unknown Source) ~[?:1.8.0_25]
	at sun.net.www.http.HttpClient.openServer(Unknown Source) ~[?:1.8.0_25]
	at sun.net.www.http.HttpClient.openServer(Unknown Source) ~[?:1.8.0_25]
	at sun.net.www.protocol.https.HttpsClient.<init>(Unknown Source) ~[?:1.8.0_25]
	at sun.net.www.protocol.https.HttpsClient.New(Unknown Source) ~[?:1.8.0_25]
	at sun.net.www.protocol.https.AbstractDelegateHttpsURLConnection.getNewHttpClient(Unknown Source) ~[?:1.8.0_25]
	at sun.net.www.protocol.http.HttpURLConnection.plainConnect0(Unknown Source) ~[?:1.8.0_25]
	at sun.net.www.protocol.http.HttpURLConnection$6.run(Unknown Source) ~[?:1.8.0_25]
	at sun.net.www.protocol.http.HttpURLConnection$6.run(Unknown Source) ~[?:1.8.0_25]
	at java.security.AccessController.doPrivileged(Native Method) ~[?:1.8.0_25]
	at java.security.AccessController.doPrivileged(Unknown Source) ~[?:1.8.0_25]
	at sun.net.www.protocol.http.HttpURLConnection.plainConnect(Unknown Source) ~[?:1.8.0_25]
	at sun.net.www.protocol.https.AbstractDelegateHttpsURLConnection.connect(Unknown Source) ~[?:1.8.0_25]
	at sun.net.www.protocol.http.HttpURLConnection.getInputStream0(Unknown Source) ~[?:1.8.0_25]
	at sun.net.www.protocol.http.HttpURLConnection.access$200(Unknown Source) ~[?:1.8.0_25]
	at sun.net.www.protocol.http.HttpURLConnection$9.run(Unknown Source) ~[?:1.8.0_25]
	at sun.net.www.protocol.http.HttpURLConnection$9.run(Unknown Source) ~[?:1.8.0_25]
	at java.security.AccessController.doPrivileged(Native Method) ~[?:1.8.0_25]
	at java.security.AccessController.doPrivileged(Unknown Source) ~[?:1.8.0_25]
	at sun.net.www.protocol.http.HttpURLConnection.getInputStream(Unknown Source) ~[?:1.8.0_25]
	at sun.net.www.protocol.https.HttpsURLConnectionImpl.getInputStream(Unknown Source) ~[?:1.8.0_25]
	at com.mojang.authlib.HttpAuthenticationService.performGetRequest(HttpAuthenticationService.java:126) ~[HttpAuthenticationService.class:?]
	at com.mojang.authlib.yggdrasil.YggdrasilAuthenticationService.makeRequest(YggdrasilAuthenticationService.java:54) ~[YggdrasilAuthenticationService.class:?]
	... 18 more
[12:06:18] [Server thread/INFO]: Saving and pausing game...
[12:06:18] [Server thread/INFO]: Saving chunks for level 'New World'/Overworld
[12:06:18] [Server thread/INFO]: Saving chunks for level 'New World'/Nether
[12:06:18] [Server thread/INFO]: Saving chunks for level 'New World'/The End
[12:06:34] [Server thread/INFO]: [Player172: Set own game mode to Creative Mode]
[12:06:34] [Client thread/INFO]: [CHAT] Your game mode has been updated
[12:06:46] [Chunk Batcher 0/WARN]: Needed to grow BufferBuilder buffer: Old size 524288 bytes, new size 2621440 bytes.
[12:11:18] [Server thread/INFO]: Player172 has just earned the achievement [Taking Inventory]
[12:11:18] [Client thread/INFO]: [CHAT] Player172 has just earned the achievement [Taking Inventory]
[12:19:03] [Server thread/INFO]: [Player172: Set own game mode to Survival Mode]
[12:19:03] [Client thread/INFO]: [CHAT] Your game mode has been updated
[12:21:34] [Server thread/INFO]: Saving and pausing game...
[12:21:34] [Server thread/INFO]: Saving chunks for level 'New World'/Overworld
[12:21:34] [Server thread/INFO]: Saving chunks for level 'New World'/Nether
[12:21:34] [Server thread/INFO]: Saving chunks for level 'New World'/The End
