2015-04-01 20:40:21,547 [main] WARN  o.e.r.i.c.rcp.TypeBindingAnalyzer - Can't handle class org.eclipse.jdt.internal.compiler.ast.CombinedBinaryExpression as parent of completion location.
2015-04-01 20:42:20,541 [main] WARN  o.e.r.i.c.rcp.TypeBindingAnalyzer - Can't handle class org.eclipse.jdt.internal.compiler.ast.BinaryExpression as parent of completion location.
2015-04-01 20:42:34,594 [main] WARN  o.e.r.i.c.rcp.TypeBindingAnalyzer - Can't handle class org.eclipse.jdt.internal.compiler.ast.CastExpression as parent of completion location.
2015-04-01 20:42:48,928 [main] WARN  o.e.r.i.c.rcp.TypeBindingAnalyzer - Can't handle class org.eclipse.jdt.internal.compiler.ast.CastExpression as parent of completion location.
2015-04-01 20:44:41,355 [main] WARN  o.e.r.i.c.rcp.TypeBindingAnalyzer - Can't handle class org.eclipse.jdt.internal.compiler.ast.EqualExpression as parent of completion location.
2015-04-01 22:35:16,291 [main] WARN  o.e.r.i.c.rcp.TypeBindingAnalyzer - Can't handle class org.eclipse.jdt.internal.compiler.ast.MemberValuePair as parent of completion location.
2015-04-01 22:47:13,258 [main] WARN  o.e.r.i.c.rcp.TypeBindingAnalyzer - Can't handle class org.eclipse.jdt.internal.compiler.ast.IfStatement as parent of completion location.
2015-04-01 22:47:23,775 [main] WARN  o.e.r.i.c.rcp.TypeBindingAnalyzer - Can't handle class org.eclipse.jdt.internal.compiler.ast.IfStatement as parent of completion location.
2015-04-01 22:50:13,640 [main] WARN  o.e.r.i.c.rcp.TypeBindingAnalyzer - Can't handle class org.eclipse.jdt.internal.compiler.ast.IfStatement as parent of completion location.
2015-04-01 23:11:17,867 [main] WARN  o.e.r.i.c.rcp.TypeBindingAnalyzer - Can't handle class org.eclipse.jdt.internal.compiler.ast.AllocationExpression as parent of completion location.
2015-04-02 10:28:26,789 [main] WARN  o.e.r.i.c.rcp.TypeBindingAnalyzer - Can't handle class org.eclipse.jdt.internal.compiler.ast.AllocationExpression as parent of completion location.
2015-04-02 21:06:05,499 [main] WARN  o.e.r.i.c.rcp.TypeBindingAnalyzer - Can't handle class org.eclipse.jdt.internal.compiler.ast.IfStatement as parent of completion location.
2015-04-02 22:16:41,456 [main] WARN  o.e.r.i.c.rcp.TypeBindingAnalyzer - Can't handle class org.eclipse.jdt.internal.compiler.ast.CombinedBinaryExpression as parent of completion location.
2015-04-03 14:36:58,026 [main] WARN  o.e.r.i.c.rcp.TypeBindingAnalyzer - Can't handle class org.eclipse.jdt.internal.compiler.ast.IfStatement as parent of completion location.
2015-04-03 14:37:24,964 [main] WARN  o.e.r.i.c.rcp.TypeBindingAnalyzer - Can't handle class org.eclipse.jdt.internal.compiler.ast.IfStatement as parent of completion location.
2015-04-03 21:55:23,512 [main] WARN  o.e.r.i.c.rcp.TypeBindingAnalyzer - Can't handle class org.eclipse.jdt.internal.compiler.ast.IfStatement as parent of completion location.
2015-04-04 10:47:05,818 [main] WARN  o.e.r.i.c.rcp.TypeBindingAnalyzer - Can't handle class org.eclipse.jdt.internal.compiler.ast.UnaryExpression as parent of completion location.
2015-04-04 17:27:33,512 [main] WARN  o.e.r.i.c.rcp.TypeBindingAnalyzer - Can't handle class org.eclipse.jdt.internal.compiler.ast.IfStatement as parent of completion location.
2015-04-04 17:28:53,048 [main] WARN  o.e.r.i.c.rcp.TypeBindingAnalyzer - Can't handle class org.eclipse.jdt.internal.compiler.ast.IfStatement as parent of completion location.
2015-04-04 18:38:01,580 [main] WARN  o.e.r.i.c.rcp.TypeBindingAnalyzer - Can't handle class org.eclipse.jdt.internal.compiler.ast.IfStatement as parent of completion location.
2015-04-04 18:47:20,915 [main] WARN  o.e.r.i.c.rcp.TypeBindingAnalyzer - Can't handle class org.eclipse.jdt.internal.compiler.ast.IfStatement as parent of completion location.
2015-04-04 18:48:34,157 [main] WARN  o.e.r.i.c.rcp.TypeBindingAnalyzer - Can't handle class org.eclipse.jdt.internal.compiler.ast.IfStatement as parent of completion location.
2015-04-04 18:54:11,191 [main] WARN  o.e.r.i.c.rcp.TypeBindingAnalyzer - Can't handle class org.eclipse.jdt.internal.compiler.ast.IfStatement as parent of completion location.
2015-04-04 19:03:00,204 [main] WARN  o.e.r.i.c.rcp.TypeBindingAnalyzer - Can't handle class org.eclipse.jdt.internal.compiler.ast.IfStatement as parent of completion location.
2015-04-04 21:37:07,891 [main] WARN  o.e.r.i.c.rcp.TypeBindingAnalyzer - Can't handle class org.eclipse.jdt.internal.compiler.ast.BinaryExpression as parent of completion location.
2015-04-04 22:58:33,169 [main] WARN  o.e.r.i.c.rcp.TypeBindingAnalyzer - Can't handle class org.eclipse.jdt.internal.compiler.ast.IfStatement as parent of completion location.
2015-04-04 23:05:56,300 [main] WARN  o.e.r.i.c.rcp.TypeBindingAnalyzer - Can't handle class org.eclipse.jdt.internal.compiler.ast.IfStatement as parent of completion location.
2015-04-04 23:06:11,824 [main] WARN  o.e.r.i.c.rcp.TypeBindingAnalyzer - Can't handle class org.eclipse.jdt.internal.compiler.ast.IfStatement as parent of completion location.
2015-04-06 12:55:00,923 [main] WARN  o.e.r.i.c.rcp.TypeBindingAnalyzer - Can't handle class org.eclipse.jdt.internal.compiler.ast.AllocationExpression as parent of completion location.
2015-04-06 12:55:12,891 [main] WARN  o.e.r.i.c.rcp.TypeBindingAnalyzer - Can't handle class org.eclipse.jdt.internal.compiler.ast.AllocationExpression as parent of completion location.
2015-04-06 16:22:57,105 [main] WARN  o.e.r.i.c.rcp.TypeBindingAnalyzer - Can't handle class org.eclipse.jdt.internal.compiler.ast.AllocationExpression as parent of completion location.
2015-04-06 16:26:00,816 [main] WARN  o.e.r.i.c.rcp.TypeBindingAnalyzer - Can't handle class org.eclipse.jdt.internal.compiler.ast.AllocationExpression as parent of completion location.
2015-04-06 16:26:36,454 [main] WARN  o.e.r.i.c.rcp.TypeBindingAnalyzer - Can't handle class org.eclipse.jdt.internal.compiler.ast.AllocationExpression as parent of completion location.
2015-04-06 16:26:56,871 [main] WARN  o.e.r.i.c.rcp.TypeBindingAnalyzer - Can't handle class org.eclipse.jdt.internal.compiler.ast.AllocationExpression as parent of completion location.
2015-04-06 16:27:00,968 [main] WARN  o.e.r.i.c.rcp.TypeBindingAnalyzer - Can't handle class org.eclipse.jdt.internal.compiler.ast.AllocationExpression as parent of completion location.
2015-04-06 16:27:55,400 [main] WARN  o.e.r.i.c.rcp.TypeBindingAnalyzer - Can't handle class org.eclipse.jdt.internal.compiler.ast.AllocationExpression as parent of completion location.
2015-04-06 16:44:22,281 [main] WARN  o.e.r.i.c.rcp.TypeBindingAnalyzer - Can't handle class org.eclipse.jdt.internal.compiler.ast.AllocationExpression as parent of completion location.
2015-04-06 17:13:59,079 [main] WARN  o.e.r.i.c.rcp.TypeBindingAnalyzer - Can't handle class org.eclipse.jdt.internal.compiler.ast.CombinedBinaryExpression as parent of completion location.
2015-04-06 18:07:30,234 [main] WARN  o.e.r.i.c.rcp.TypeBindingAnalyzer - Can't handle class org.eclipse.jdt.internal.compiler.ast.IfStatement as parent of completion location.
2015-04-06 18:07:34,955 [main] WARN  o.e.r.i.c.rcp.TypeBindingAnalyzer - Can't handle class org.eclipse.jdt.internal.compiler.ast.IfStatement as parent of completion location.
2015-04-07 19:13:22,380 [main] WARN  o.e.r.i.c.rcp.TypeBindingAnalyzer - Can't handle class org.eclipse.jdt.internal.compiler.ast.AND_AND_Expression as parent of completion location.
2015-04-07 19:15:58,419 [main] WARN  o.e.r.i.c.rcp.TypeBindingAnalyzer - Can't handle class org.eclipse.jdt.internal.compiler.ast.UnaryExpression as parent of completion location.
2015-04-07 19:22:09,944 [main] WARN  o.e.r.i.c.rcp.TypeBindingAnalyzer - Can't handle class org.eclipse.jdt.internal.compiler.ast.IfStatement as parent of completion location.
